# JRE version: Java(TM) SE Runtime Environment (8.0_151-b12) (build 1.8.0_151-b12)
# Java VM: Java HotSpot(TM) 64-Bit Server VM (25.151-b12 mixed mode bsd-amd64 compressed oops)
Heap:
 PSYoungGen      total 781824K, used 656111K [0x000000076ab00000, 0x000000079e300000, 0x00000007c0000000)
  eden space 741376K, 83% used [0x000000076ab00000,0x000000079043eef0,0x0000000797f00000)
  from space 40448K, 99% used [0x000000079b800000,0x000000079df7ce28,0x000000079df80000)
  to   space 51200K, 0% used [0x0000000797f00000,0x0000000797f00000,0x000000079b100000)
 ParOldGen       total 140800K, used 53835K [0x00000006c0000000, 0x00000006c8980000, 0x000000076ab00000)
  object space 140800K, 38% used [0x00000006c0000000,0x00000006c3492df0,0x00000006c8980000)
 Metaspace       used 28896K, capacity 29460K, committed 29568K, reserved 1073152K
  class space    used 5614K, capacity 5742K, committed 5760K, reserved 1048576K
GC Heap History (10 events):
Event: 21.444 GC heap before
{Heap before GC invocations=9 (full 1):
 PSYoungGen      total 412672K, used 396265K [0x000000076ab00000, 0x000000078f380000, 0x00000007c0000000)
  eden space 386560K, 100% used [0x000000076ab00000,0x0000000782480000,0x0000000782480000)
  from space 26112K, 37% used [0x0000000782480000,0x0000000782dfa450,0x0000000783e00000)
  to   space 25600K, 0% used [0x000000078da80000,0x000000078da80000,0x000000078f380000)
 ParOldGen       total 140800K, used 36359K [0x00000006c0000000, 0x00000006c8980000, 0x000000076ab00000)
  object space 140800K, 25% used [0x00000006c0000000,0x00000006c2381ca0,0x00000006c8980000)
 Metaspace       used 28047K, capacity 28582K, committed 28800K, reserved 1073152K
  class space    used 5520K, capacity 5643K, committed 5760K, reserved 1048576K
Event: 21.458 GC heap after
Heap after GC invocations=9 (full 1):
 PSYoungGen      total 533504K, used 7287K [0x000000076ab00000, 0x000000078e200000, 0x00000007c0000000)
  eden space 525824K, 0% used [0x000000076ab00000,0x000000076ab00000,0x000000078ac80000)
  from space 7680K, 94% used [0x000000078da80000,0x000000078e19dee0,0x000000078e200000)
  to   space 25600K, 0% used [0x000000078b000000,0x000000078b000000,0x000000078c900000)
 ParOldGen       total 140800K, used 36367K [0x00000006c0000000, 0x00000006c8980000, 0x000000076ab00000)
  object space 140800K, 25% used [0x00000006c0000000,0x00000006c2383ca0,0x00000006c8980000)
 Metaspace       used 28047K, capacity 28582K, committed 28800K, reserved 1073152K
  class space    used 5520K, capacity 5643K, committed 5760K, reserved 1048576K
}
Event: 25.900 GC heap before
{Heap before GC invocations=10 (full 1):
 PSYoungGen      total 533504K, used 533111K [0x000000076ab00000, 0x000000078e200000, 0x00000007c0000000)
  eden space 525824K, 100% used [0x000000076ab00000,0x000000078ac80000,0x000000078ac80000)
  from space 7680K, 94% used [0x000000078da80000,0x000000078e19dee0,0x000000078e200000)
  to   space 25600K, 0% used [0x000000078b000000,0x000000078b000000,0x000000078c900000)
 ParOldGen       total 140800K, used 36367K [0x00000006c0000000, 0x00000006c8980000, 0x000000076ab00000)
  object space 140800K, 25% used [0x00000006c0000000,0x00000006c2383ca0,0x00000006c8980000)
 Metaspace       used 28410K, capacity 28978K, committed 29312K, reserved 1073152K
  class space    used 5564K, capacity 5709K, committed 5760K, reserved 1048576K
Event: 25.934 GC heap after
Heap after GC invocations=10 (full 1):
 PSYoungGen      total 555008K, used 25586K [0x000000076ab00000, 0x0000000794f80000, 0x00000007c0000000)
  eden space 529408K, 0% used [0x000000076ab00000,0x000000076ab00000,0x000000078b000000)
  from space 25600K, 99% used [0x000000078b000000,0x000000078c8fca90,0x000000078c900000)
  to   space 29696K, 0% used [0x0000000793280000,0x0000000793280000,0x0000000794f80000)
 ParOldGen       total 140800K, used 37625K [0x00000006c0000000, 0x00000006c8980000, 0x000000076ab00000)
  object space 140800K, 26% used [0x00000006c0000000,0x00000006c24be5b8,0x00000006c8980000)
 Metaspace       used 28410K, capacity 28978K, committed 29312K, reserved 1073152K
  class space    used 5564K, capacity 5709K, committed 5760K, reserved 1048576K
}
Event: 29.621 GC heap before
{Heap before GC invocations=11 (full 1):
 PSYoungGen      total 555008K, used 554994K [0x000000076ab00000, 0x0000000794f80000, 0x00000007c0000000)
  eden space 529408K, 100% used [0x000000076ab00000,0x000000078b000000,0x000000078b000000)
  from space 25600K, 99% used [0x000000078b000000,0x000000078c8fca90,0x000000078c900000)
  to   space 29696K, 0% used [0x0000000793280000,0x0000000793280000,0x0000000794f80000)
 ParOldGen       total 140800K, used 37625K [0x00000006c0000000, 0x00000006c8980000, 0x000000076ab00000)
  object space 140800K, 26% used [0x00000006c0000000,0x00000006c24be5b8,0x00000006c8980000)
 Metaspace       used 28602K, capacity 29106K, committed 29312K, reserved 1073152K
  class space    used 5586K, capacity 5709K, committed 5760K, reserved 1048576K
Event: 29.658 GC heap after
Heap after GC invocations=11 (full 1):
 PSYoungGen      total 657920K, used 29675K [0x000000076ab00000, 0x0000000795c80000, 0x00000007c0000000)
  eden space 628224K, 0% used [0x000000076ab00000,0x000000076ab00000,0x0000000791080000)
  from space 29696K, 99% used [0x0000000793280000,0x0000000794f7ae00,0x0000000794f80000)
  to   space 34816K, 0% used [0x0000000791080000,0x0000000791080000,0x0000000793280000)
 ParOldGen       total 140800K, used 39911K [0x00000006c0000000, 0x00000006c8980000, 0x000000076ab00000)
  object space 140800K, 28% used [0x00000006c0000000,0x00000006c26f9de8,0x00000006c8980000)
 Metaspace       used 28602K, capacity 29106K, committed 29312K, reserved 1073152K
  class space    used 5586K, capacity 5709K, committed 5760K, reserved 1048576K
}
Event: 32.780 GC heap before
{Heap before GC invocations=12 (full 1):
 PSYoungGen      total 657920K, used 657899K [0x000000076ab00000, 0x0000000795c80000, 0x00000007c0000000)
  eden space 628224K, 100% used [0x000000076ab00000,0x0000000791080000,0x0000000791080000)
  from space 29696K, 99% used [0x0000000793280000,0x0000000794f7ae00,0x0000000794f80000)
  to   space 34816K, 0% used [0x0000000791080000,0x0000000791080000,0x0000000793280000)
 ParOldGen       total 140800K, used 39911K [0x00000006c0000000, 0x00000006c8980000, 0x000000076ab00000)
  object space 140800K, 28% used [0x00000006c0000000,0x00000006c26f9de8,0x00000006c8980000)
 Metaspace       used 28799K, capacity 29330K, committed 29568K, reserved 1073152K
  class space    used 5613K, capacity 5741K, committed 5760K, reserved 1048576K
Event: 32.821 GC heap after
Heap after GC invocations=12 (full 1):
 PSYoungGen      total 663040K, used 34787K [0x000000076ab00000, 0x000000079df80000, 0x00000007c0000000)
  eden space 628224K, 0% used [0x000000076ab00000,0x000000076ab00000,0x0000000791080000)
  from space 34816K, 99% used [0x0000000791080000,0x0000000793278cb8,0x0000000793280000)
  to   space 40448K, 0% used [0x000000079b800000,0x000000079b800000,0x000000079df80000)
 ParOldGen       total 140800K, used 41803K [0x00000006c0000000, 0x00000006c8980000, 0x000000076ab00000)
  object space 140800K, 29% used [0x00000006c0000000,0x00000006c28d2d30,0x00000006c8980000)
 Metaspace       used 28799K, capacity 29330K, committed 29568K, reserved 1073152K
  class space    used 5613K, capacity 5741K, committed 5760K, reserved 1048576K
}
Event: 52.663 GC heap before
{Heap before GC invocations=13 (full 1):
 PSYoungGen      total 663040K, used 663011K [0x000000076ab00000, 0x000000079df80000, 0x00000007c0000000)
  eden space 628224K, 100% used [0x000000076ab00000,0x0000000791080000,0x0000000791080000)
  from space 34816K, 99% used [0x0000000791080000,0x0000000793278cb8,0x0000000793280000)
  to   space 40448K, 0% used [0x000000079b800000,0x000000079b800000,0x000000079df80000)
 ParOldGen       total 140800K, used 41803K [0x00000006c0000000, 0x00000006c8980000, 0x000000076ab00000)
  object space 140800K, 29% used [0x00000006c0000000,0x00000006c28d2d30,0x00000006c8980000)
 Metaspace       used 28823K, capacity 29394K, committed 29568K, reserved 1073152K
  class space    used 5613K, capacity 5741K, committed 5760K, reserved 1048576K
Event: 52.706 GC heap after
Heap after GC invocations=13 (full 1):
 PSYoungGen      total 781824K, used 40435K [0x000000076ab00000, 0x000000079e300000, 0x00000007c0000000)
  eden space 741376K, 0% used [0x000000076ab00000,0x000000076ab00000,0x0000000797f00000)
  from space 40448K, 99% used [0x000000079b800000,0x000000079df7ce28,0x000000079df80000)
  to   space 51200K, 0% used [0x0000000797f00000,0x0000000797f00000,0x000000079b100000)
 ParOldGen       total 140800K, used 53835K [0x00000006c0000000, 0x00000006c8980000, 0x000000076ab00000)
  object space 140800K, 38% used [0x00000006c0000000,0x00000006c3492df0,0x00000006c8980000)
 Metaspace       used 28823K, capacity 29394K, committed 29568K, reserved 1073152K
  class space    used 5613K, capacity 5741K, committed 5760K, reserved 1048576K
}

